/*C1*/SET SCHEMA SYSTEM_LOBS
INSERT INTO BLOCKS VALUES(0,2147483647,0)
COMMIT
/*C2*/SET SCHEMA PUBLIC
create table category (id bigint not null, emoji varchar(255), name varchar(255), primary key (id))
create table category_elements (category_id bigint not null, elements_id bigint not null)
create table element (id bigint not null, date_end bigint, date_start bigint, description varchar(255), eisenhower integer, is_done boolean, title varchar(255), primary key (id))
create table users (id bigint not null, login varchar(255), password varchar(255), role varchar(255), primary key (id))
create table users_categories (user_id bigint not null, categories_id bigint not null)
alter table category_elements add constraint UK_iruhr61p7bw01f93xhwki35ks unique (elements_id)
alter table users_categories add constraint UK_r4eblpqse9gr5189y0fl3olyq unique (categories_id)
create sequence hibernate_sequence start with 1 increment by 1
alter table category_elements add constraint FKh6gc6m97wbodimssdone9863p foreign key (elements_id) references element
alter table category_elements add constraint FKn95aj4ony8jhrdq84hvhw6159 foreign key (category_id) references category
alter table users_categories add constraint FKm4t335h5ro5oshadg1n2lrwdw foreign key (categories_id) references category
alter table users_categories add constraint FK9nit8oweucmsyrcj5syixrkfw foreign key (user_id) references users
DISCONNECT
/*C3*/SET SCHEMA PUBLIC
DISCONNECT
/*C4*/SET SCHEMA PUBLIC
DISCONNECT
/*C5*/SET SCHEMA PUBLIC
DISCONNECT
/*C6*/SET SCHEMA PUBLIC
DISCONNECT
/*C7*/SET SCHEMA PUBLIC
DISCONNECT
/*C8*/SET SCHEMA PUBLIC
DISCONNECT
/*C9*/SET SCHEMA PUBLIC
DISCONNECT
/*C10*/SET SCHEMA PUBLIC
alter table category_elements drop constraint UK_iruhr61p7bw01f93xhwki35ks
alter table category_elements add constraint UK_iruhr61p7bw01f93xhwki35ks unique (elements_id)
alter table users_categories drop constraint UK_r4eblpqse9gr5189y0fl3olyq
alter table users_categories add constraint UK_r4eblpqse9gr5189y0fl3olyq unique (categories_id)
/*C20*/SET SCHEMA PUBLIC
INSERT INTO USERS VALUES(0,'admin','$2a$10$JKTQdxyqX9PRXFj2gsPZMeEwyFwPH2TIWOLYu26fylNNTGuTQVoe2','USER')
COMMIT
DISCONNECT
/*C10*/DISCONNECT
/*C18*/SET SCHEMA PUBLIC
DISCONNECT
/*C12*/SET SCHEMA PUBLIC
DISCONNECT
/*C15*/SET SCHEMA PUBLIC
DISCONNECT
/*C16*/SET SCHEMA PUBLIC
DISCONNECT
/*C11*/SET SCHEMA PUBLIC
DISCONNECT
/*C17*/SET SCHEMA PUBLIC
DISCONNECT
/*C14*/SET SCHEMA PUBLIC
DISCONNECT
/*C13*/SET SCHEMA PUBLIC
DISCONNECT
/*C19*/SET SCHEMA PUBLIC
DISCONNECT
/*C21*/SET SCHEMA PUBLIC
alter table category_elements drop constraint UK_iruhr61p7bw01f93xhwki35ks
alter table category_elements add constraint UK_iruhr61p7bw01f93xhwki35ks unique (elements_id)
alter table users_categories drop constraint UK_r4eblpqse9gr5189y0fl3olyq
alter table users_categories add constraint UK_r4eblpqse9gr5189y0fl3olyq unique (categories_id)
/*C29*/SET SCHEMA PUBLIC
DISCONNECT
/*C23*/SET SCHEMA PUBLIC
DISCONNECT
/*C21*/DISCONNECT
/*C22*/SET SCHEMA PUBLIC
DISCONNECT
/*C24*/SET SCHEMA PUBLIC
DISCONNECT
/*C30*/SET SCHEMA PUBLIC
DISCONNECT
/*C28*/SET SCHEMA PUBLIC
DISCONNECT
/*C25*/SET SCHEMA PUBLIC
DISCONNECT
/*C27*/SET SCHEMA PUBLIC
DISCONNECT
/*C26*/SET SCHEMA PUBLIC
DISCONNECT
/*C31*/SET SCHEMA PUBLIC
alter table category_elements drop constraint UK_iruhr61p7bw01f93xhwki35ks
alter table category_elements add constraint UK_iruhr61p7bw01f93xhwki35ks unique (elements_id)
alter table users_categories drop constraint UK_r4eblpqse9gr5189y0fl3olyq
alter table users_categories add constraint UK_r4eblpqse9gr5189y0fl3olyq unique (categories_id)
DISCONNECT
/*C33*/SET SCHEMA PUBLIC
DISCONNECT
/*C32*/SET SCHEMA PUBLIC
DISCONNECT
/*C34*/SET SCHEMA PUBLIC
DISCONNECT
/*C35*/SET SCHEMA PUBLIC
DISCONNECT
/*C40*/SET SCHEMA PUBLIC
DISCONNECT
/*C38*/SET SCHEMA PUBLIC
DISCONNECT
/*C37*/SET SCHEMA PUBLIC
DISCONNECT
/*C39*/SET SCHEMA PUBLIC
DISCONNECT
/*C36*/SET SCHEMA PUBLIC
DISCONNECT
/*C41*/SET SCHEMA PUBLIC
alter table category_elements drop constraint UK_iruhr61p7bw01f93xhwki35ks
alter table category_elements add constraint UK_iruhr61p7bw01f93xhwki35ks unique (elements_id)
alter table users_categories drop constraint UK_r4eblpqse9gr5189y0fl3olyq
alter table users_categories add constraint UK_r4eblpqse9gr5189y0fl3olyq unique (categories_id)
/*C42*/SET SCHEMA PUBLIC
DISCONNECT
/*C41*/DISCONNECT
/*C46*/SET SCHEMA PUBLIC
DISCONNECT
/*C43*/SET SCHEMA PUBLIC
DISCONNECT
/*C49*/SET SCHEMA PUBLIC
DISCONNECT
/*C44*/SET SCHEMA PUBLIC
DISCONNECT
/*C47*/SET SCHEMA PUBLIC
DISCONNECT
/*C45*/SET SCHEMA PUBLIC
DISCONNECT
/*C50*/SET SCHEMA PUBLIC
DISCONNECT
/*C48*/SET SCHEMA PUBLIC
DISCONNECT
/*C51*/SET SCHEMA PUBLIC
alter table category_elements drop constraint UK_iruhr61p7bw01f93xhwki35ks
alter table category_elements add constraint UK_iruhr61p7bw01f93xhwki35ks unique (elements_id)
alter table users_categories drop constraint UK_r4eblpqse9gr5189y0fl3olyq
alter table users_categories add constraint UK_r4eblpqse9gr5189y0fl3olyq unique (categories_id)
/*C53*/SET SCHEMA PUBLIC
DISCONNECT
/*C58*/SET SCHEMA PUBLIC
DISCONNECT
/*C54*/SET SCHEMA PUBLIC
DISCONNECT
/*C57*/SET SCHEMA PUBLIC
DISCONNECT
/*C51*/DISCONNECT
/*C59*/SET SCHEMA PUBLIC
DISCONNECT
/*C56*/SET SCHEMA PUBLIC
DISCONNECT
/*C60*/SET SCHEMA PUBLIC
DISCONNECT
/*C55*/SET SCHEMA PUBLIC
DISCONNECT
/*C52*/SET SCHEMA PUBLIC
DISCONNECT
/*C61*/SET SCHEMA PUBLIC
alter table category_elements drop constraint UK_iruhr61p7bw01f93xhwki35ks
alter table category_elements add constraint UK_iruhr61p7bw01f93xhwki35ks unique (elements_id)
alter table users_categories drop constraint UK_r4eblpqse9gr5189y0fl3olyq
alter table users_categories add constraint UK_r4eblpqse9gr5189y0fl3olyq unique (categories_id)
INSERT INTO USERS VALUES(1,'barbierb','$2a$10$iaxwlvXRInm70voUpcD1veVqHDnBZBkfwRw9L3p9uqS6sxbDaN5mS','USER')
ALTER SEQUENCE PUBLIC.HIBERNATE_SEQUENCE RESTART WITH 2
COMMIT
/*C62*/SET SCHEMA PUBLIC
DISCONNECT
/*C64*/SET SCHEMA PUBLIC
DISCONNECT
/*C63*/SET SCHEMA PUBLIC
DISCONNECT
/*C61*/DISCONNECT
/*C65*/SET SCHEMA PUBLIC
DISCONNECT
/*C66*/SET SCHEMA PUBLIC
DISCONNECT
/*C70*/SET SCHEMA PUBLIC
DISCONNECT
/*C69*/SET SCHEMA PUBLIC
DISCONNECT
/*C68*/SET SCHEMA PUBLIC
DISCONNECT
/*C67*/SET SCHEMA PUBLIC
DISCONNECT
/*C71*/SET SCHEMA PUBLIC
alter table category_elements drop constraint UK_iruhr61p7bw01f93xhwki35ks
alter table category_elements add constraint UK_iruhr61p7bw01f93xhwki35ks unique (elements_id)
alter table users_categories drop constraint UK_r4eblpqse9gr5189y0fl3olyq
alter table users_categories add constraint UK_r4eblpqse9gr5189y0fl3olyq unique (categories_id)
INSERT INTO USERS VALUES(2,'testest','$2a$10$IpCmdJwVc6hWO8Xh/6pAhOdAIK3H8bZX3MflOqF8pJgVSwqkxoauC','USER')
ALTER SEQUENCE PUBLIC.HIBERNATE_SEQUENCE RESTART WITH 3
COMMIT
INSERT INTO USERS VALUES(3,'tessss','$2a$10$C6boVNd3t8hvbLSTH3STA.hhQdmXcYn/uaG/mxWByDBHB.t8OUkAW','USER')
ALTER SEQUENCE PUBLIC.HIBERNATE_SEQUENCE RESTART WITH 4
COMMIT
/*C80*/SET SCHEMA PUBLIC
DISCONNECT
/*C71*/DISCONNECT
/*C76*/SET SCHEMA PUBLIC
DISCONNECT
/*C72*/SET SCHEMA PUBLIC
DISCONNECT
/*C73*/SET SCHEMA PUBLIC
DISCONNECT
/*C78*/SET SCHEMA PUBLIC
DISCONNECT
/*C75*/SET SCHEMA PUBLIC
DISCONNECT
/*C77*/SET SCHEMA PUBLIC
DISCONNECT
/*C74*/SET SCHEMA PUBLIC
DISCONNECT
/*C79*/SET SCHEMA PUBLIC
DISCONNECT
/*C81*/SET SCHEMA PUBLIC
alter table category_elements drop constraint UK_iruhr61p7bw01f93xhwki35ks
alter table category_elements add constraint UK_iruhr61p7bw01f93xhwki35ks unique (elements_id)
alter table users_categories drop constraint UK_r4eblpqse9gr5189y0fl3olyq
alter table users_categories add constraint UK_r4eblpqse9gr5189y0fl3olyq unique (categories_id)
/*C91*/SET SCHEMA PUBLIC
DELETE FROM USERS WHERE ID=0
INSERT INTO USERS VALUES(0,'admin','$2a$10$JKTQdxyqX9PRXFj2gsPZMeEwyFwPH2TIWOLYu26fylNNTGuTQVoe2','ADMIN')
COMMIT
DISCONNECT
/*C82*/SET SCHEMA PUBLIC
DISCONNECT
/*C83*/SET SCHEMA PUBLIC
DISCONNECT
/*C88*/SET SCHEMA PUBLIC
DISCONNECT
/*C90*/SET SCHEMA PUBLIC
DISCONNECT
/*C84*/SET SCHEMA PUBLIC
DISCONNECT
/*C81*/DISCONNECT
/*C85*/SET SCHEMA PUBLIC
DISCONNECT
/*C89*/SET SCHEMA PUBLIC
DISCONNECT
/*C87*/SET SCHEMA PUBLIC
DISCONNECT
/*C86*/SET SCHEMA PUBLIC
DISCONNECT
/*C92*/SET SCHEMA PUBLIC
alter table category_elements drop constraint UK_iruhr61p7bw01f93xhwki35ks
alter table category_elements add constraint UK_iruhr61p7bw01f93xhwki35ks unique (elements_id)
alter table users_categories drop constraint UK_r4eblpqse9gr5189y0fl3olyq
alter table users_categories add constraint UK_r4eblpqse9gr5189y0fl3olyq unique (categories_id)
/*C102*/SET SCHEMA PUBLIC
DISCONNECT
/*C98*/SET SCHEMA PUBLIC
DISCONNECT
/*C101*/SET SCHEMA PUBLIC
DISCONNECT
/*C93*/SET SCHEMA PUBLIC
DISCONNECT
/*C94*/SET SCHEMA PUBLIC
DISCONNECT
/*C99*/SET SCHEMA PUBLIC
DISCONNECT
/*C92*/DISCONNECT
/*C97*/SET SCHEMA PUBLIC
DISCONNECT
/*C100*/SET SCHEMA PUBLIC
DISCONNECT
/*C96*/SET SCHEMA PUBLIC
DISCONNECT
/*C95*/SET SCHEMA PUBLIC
DISCONNECT
/*C103*/SET SCHEMA PUBLIC
alter table category_elements drop constraint UK_iruhr61p7bw01f93xhwki35ks
alter table category_elements add constraint UK_iruhr61p7bw01f93xhwki35ks unique (elements_id)
alter table users_categories drop constraint UK_r4eblpqse9gr5189y0fl3olyq
alter table users_categories add constraint UK_r4eblpqse9gr5189y0fl3olyq unique (categories_id)
/*C108*/SET SCHEMA PUBLIC
DISCONNECT
/*C103*/DISCONNECT
/*C104*/SET SCHEMA PUBLIC
DISCONNECT
/*C106*/SET SCHEMA PUBLIC
DISCONNECT
/*C111*/SET SCHEMA PUBLIC
DISCONNECT
/*C107*/SET SCHEMA PUBLIC
DISCONNECT
/*C105*/SET SCHEMA PUBLIC
DISCONNECT
/*C112*/SET SCHEMA PUBLIC
DISCONNECT
/*C109*/SET SCHEMA PUBLIC
DISCONNECT
/*C110*/SET SCHEMA PUBLIC
DISCONNECT
/*C113*/SET SCHEMA PUBLIC
alter table category_elements drop constraint UK_iruhr61p7bw01f93xhwki35ks
alter table category_elements add constraint UK_iruhr61p7bw01f93xhwki35ks unique (elements_id)
alter table users_categories drop constraint UK_r4eblpqse9gr5189y0fl3olyq
alter table users_categories add constraint UK_r4eblpqse9gr5189y0fl3olyq unique (categories_id)
INSERT INTO CATEGORY VALUES(4,'\ud83d\ude03','Category name')
INSERT INTO USERS_CATEGORIES VALUES(0,4)
ALTER SEQUENCE PUBLIC.HIBERNATE_SEQUENCE RESTART WITH 5
COMMIT
/*C120*/SET SCHEMA PUBLIC
DISCONNECT
/*C119*/SET SCHEMA PUBLIC
DISCONNECT
/*C121*/SET SCHEMA PUBLIC
DISCONNECT
/*C113*/DISCONNECT
/*C122*/SET SCHEMA PUBLIC
DISCONNECT
/*C114*/SET SCHEMA PUBLIC
DISCONNECT
/*C115*/SET SCHEMA PUBLIC
DISCONNECT
/*C118*/SET SCHEMA PUBLIC
DISCONNECT
/*C116*/SET SCHEMA PUBLIC
DISCONNECT
/*C117*/SET SCHEMA PUBLIC
DISCONNECT
